
Birth Report Reminder Not Sent! Reason: SSL certificate problem: unable to get local issuer certificate
Birth Report Reminder Not Sent! Reason: SSL certificate problem: unable to get local issuer certificate
Birth Report Reminder Not Sent! Reason: SSL certificate problem: unable to get local issuer certificate
Birth Report Reminder Not Sent! Reason: SSL certificate problem: unable to get local issuer certificate
Birth Report Reminder Not Sent! Reason: SSL certificate problem: unable to get local issuer certificate
Birth Report Reminder Not Sent! Reason: SSL certificate problem: unable to get local issuer certificate
Birth Report Reminder Not Sent! Reason: SSL certificate problem: unable to get local issuer certificate
Birth Report Reminder Not Sent! Reason: SSL certificate problem: unable to get local issuer certificate
Birth Report Reminder Not Sent! Reason: SSL certificate problem: unable to get local issuer certificate
Birth Report Reminder Not Sent! Reason: SSL certificate problem: unable to get local issuer certificate
Birth Report Reminder Not Sent! Reason: SSL certificate problem: unable to get local issuer certificate
Birth Report Reminder Not Sent! Reason: SSL certificate problem: unable to get local issuer certificate
Birth Report Reminder Not Sent! Reason: SSL certificate problem: unable to get local issuer certificate
Birth Report Reminder Not Sent! Reason: SSL certificate problem: unable to get local issuer certificate
Birth Report Reminder Not Sent! Reason: SSL certificate problem: unable to get local issuer certificate
Birth Report Reminder Not Sent! Reason: SSL certificate problem: unable to get local issuer certificate
Birth Report Reminder Not Sent! Reason: SSL certificate problem: unable to get local issuer certificate
Birth Report Reminder Not Sent! Reason: SSL certificate problem: unable to get local issuer certificate
Birth Report Reminder Not Sent! Reason: SSL certificate problem: unable to get local issuer certificate
Birth Report Reminder Not Sent! Reason: SSL certificate problem: unable to get local issuer certificate
Birth Report Reminder Not Sent! Reason: SSL certificate problem: unable to get local issuer certificate
Birth Report Reminder Not Sent! Reason: SSL certificate problem: unable to get local issuer certificate
Birth Report Reminder Not Sent! Reason: SSL certificate problem: unable to get local issuer certificate
Birth Report Reminder Not Sent! Reason: SSL certificate problem: unable to get local issuer certificate
Birth Report Reminder Not Sent! Reason: SSL certificate problem: unable to get local issuer certificate
Birth Report Reminder Not Sent! Reason: SSL certificate problem: unable to get local issuer certificate
Birth Report Reminder Not Sent! Reason: SSL certificate problem: unable to get local issuer certificate
Birth Report Reminder Not Sent! Reason: SSL certificate problem: unable to get local issuer certificate
Birth Report Reminder Not Sent! Reason: SSL certificate problem: unable to get local issuer certificate
Birth Report Reminder Not Sent! Reason: SSL certificate problem: unable to get local issuer certificate
Birth Report Reminder Not Sent! Reason: SSL certificate problem: unable to get local issuer certificate
Birth Report Reminder Not Sent! Reason: SSL certificate problem: unable to get local issuer certificate
Birth Report Reminder Not Sent! Reason: SSL certificate problem: unable to get local issuer certificate
Birth Report Reminder Not Sent! Reason: SSL certificate problem: unable to get local issuer certificate
Birth Report Reminder Not Sent! Reason: Could not resolve host: api.twilio.com
Birth Report Reminder Not Sent! Reason: Could not resolve host: api.twilio.com
Birth Report Reminder Not Sent! Reason: SSL certificate problem: unable to get local issuer certificate
Birth Report Reminder Not Sent! Reason: SSL certificate problem: unable to get local issuer certificate
Birth Report Reminder Not Sent! Reason: SSL certificate problem: unable to get local issuer certificate
Birth Report Reminder Not Sent! Reason: SSL certificate problem: unable to get local issuer certificate
Birth Report Reminder Not Sent! Reason: SSL certificate problem: unable to get local issuer certificate
Birth Report Reminder Not Sent! Reason: SSL certificate problem: unable to get local issuer certificate
Birth Report Reminder Not Sent! Reason: SSL certificate problem: unable to get local issuer certificate
Birth Report Reminder Not Sent! Reason: SSL certificate problem: unable to get local issuer certificate
Birth Report Reminder Not Sent! Reason: SSL certificate problem: unable to get local issuer certificate
Birth Report Reminder Not Sent! Reason: SSL certificate problem: unable to get local issuer certificate
Birth Report Reminder Not Sent! Reason: SSL certificate problem: unable to get local issuer certificate
Birth Report Reminder Not Sent! Reason: SSL certificate problem: unable to get local issuer certificate
Birth Report Reminder Not Sent! Reason: SSL certificate problem: unable to get local issuer certificate
Birth Report Reminder Not Sent! Reason: SSL certificate problem: unable to get local issuer certificate
Birth Report Reminder Not Sent! Reason: SSL certificate problem: unable to get local issuer certificate
Birth Report Reminder Not Sent! Reason: SSL certificate problem: unable to get local issuer certificate
Birth Report Reminder Not Sent! Reason: SSL certificate problem: unable to get local issuer certificate
Birth Report Reminder Not Sent! Reason: SSL certificate problem: unable to get local issuer certificate
Birth Report Reminder Not Sent! Reason: SSL certificate problem: unable to get local issuer certificate
Birth Report Reminder Not Sent! Reason: SSL certificate problem: unable to get local issuer certificate
Birth Report Reminder Not Sent! Reason: SSL certificate problem: unable to get local issuer certificate
Birth Report Reminder Not Sent! Reason: SSL certificate problem: unable to get local issuer certificate
Birth Report Reminder Not Sent! Reason: SSL certificate problem: unable to get local issuer certificate
Birth Report Reminder Not Sent! Reason: SSL certificate problem: unable to get local issuer certificate
Birth Report Reminder Not Sent! Reason: SSL certificate problem: unable to get local issuer certificate
Birth Report Reminder Not Sent! Reason: SSL certificate problem: unable to get local issuer certificateBirth Report Reminder Not Sent! Reason: SSL certificate problem: unable to get local issuer certificate
Birth Report Reminder Not Sent! Reason: SSL certificate problem: unable to get local issuer certificate
Birth Report Reminder Not Sent! Reason: SSL certificate problem: unable to get local issuer certificate
Birth Report Reminder Not Sent! Reason: SSL certificate problem: unable to get local issuer certificate
Birth Report Reminder Not Sent! Reason: SSL certificate problem: unable to get local issuer certificate
Birth Report Reminder Not Sent! Reason: SSL certificate problem: unable to get local issuer certificate
Birth Report Reminder Not Sent! Reason: SSL certificate problem: unable to get local issuer certificate
Birth Report Reminder Not Sent! Reason: SSL certificate problem: unable to get local issuer certificate
Birth Report Reminder Not Sent! Reason: SSL certificate problem: unable to get local issuer certificate
Birth Report Reminder Not Sent! Reason: SSL certificate problem: unable to get local issuer certificate
Birth Report Reminder Not Sent! Reason: SSL certificate problem: unable to get local issuer certificate
Birth Report Reminder Not Sent! Reason: SSL certificate problem: unable to get local issuer certificate
Birth Report Reminder Not Sent! Reason: SSL certificate problem: unable to get local issuer certificate
Birth Report Reminder Not Sent! Reason: Could not resolve host: api.twilio.com
Birth Report Reminder Not Sent! Reason: SSL certificate problem: unable to get local issuer certificate
Birth Report Reminder Not Sent! Reason: SSL certificate problem: unable to get local issuer certificate
Birth Report Reminder Not Sent! Reason: SSL certificate problem: unable to get local issuer certificate
Birth Report Reminder Not Sent! Reason: SSL certificate problem: unable to get local issuer certificate
Birth Report Reminder Not Sent! Reason: SSL certificate problem: unable to get local issuer certificate
Birth Report Reminder Not Sent! Reason: SSL certificate problem: unable to get local issuer certificate
Birth Report Reminder Not Sent! Reason: SSL certificate problem: unable to get local issuer certificate
Birth Report Reminder Not Sent! Reason: SSL certificate problem: unable to get local issuer certificate
Birth Report Reminder Not Sent! Reason: SSL certificate problem: unable to get local issuer certificate
Birth Report Reminder Not Sent! Reason: SSL certificate problem: unable to get local issuer certificate
Birth Report Reminder Not Sent! Reason: SSL certificate problem: unable to get local issuer certificate
Birth Report Reminder Not Sent! Reason: Could not resolve host: api.twilio.com
Birth Report Reminder Not Sent! Reason: SSL certificate problem: unable to get local issuer certificate
Birth Report Reminder Not Sent! Reason: SSL certificate problem: unable to get local issuer certificate
Birth Report Reminder Not Sent! Reason: Could not resolve host: api.twilio.com
Birth Report Reminder Not Sent! Reason: Could not resolve host: api.twilio.com
Birth Report Reminder Not Sent! Reason: SSL certificate problem: unable to get local issuer certificate
Birth Report Reminder Not Sent! Reason: SSL certificate problem: unable to get local issuer certificate
Birth Report Reminder Not Sent! Reason: SSL certificate problem: unable to get local issuer certificate
Birth Report Reminder Not Sent! Reason: SSL certificate problem: unable to get local issuer certificate
Birth Report Reminder Not Sent! Reason: Could not resolve host: api.twilio.com
Birth Report Reminder Not Sent! Reason: SSL certificate problem: unable to get local issuer certificate
Birth Report Reminder Not Sent! Reason: SSL certificate problem: unable to get local issuer certificate
Birth Report Reminder Not Sent! Reason: SSL certificate problem: unable to get local issuer certificate
Birth Report Reminder Not Sent! Reason: SSL certificate problem: unable to get local issuer certificate
Birth Report Reminder Not Sent! Reason: SSL certificate problem: unable to get local issuer certificate
Birth Report Reminder Not Sent! Reason: SSL certificate problem: unable to get local issuer certificate
Birth Report Reminder Not Sent! Reason: Could not resolve host: api.twilio.com
Birth Report Reminder Not Sent! Reason: Could not resolve host: api.twilio.com
Birth Report Reminder Not Sent! Reason: Could not resolve host: api.twilio.com
Birth Report Reminder Not Sent! Reason: Could not resolve host: api.twilio.com
Birth Report Reminder Not Sent! Reason: SSL certificate problem: unable to get local issuer certificate
Birth Report Reminder Not Sent! Reason: SSL certificate problem: unable to get local issuer certificate
Birth Report Reminder Not Sent! Reason: OpenSSL SSL_connect: Connection was reset in connection to api.twilio.com:443 
Birth Report Reminder Not Sent! Reason: SSL certificate problem: unable to get local issuer certificate
Birth Report Reminder Not Sent! Reason: SSL certificate problem: unable to get local issuer certificate
Birth Report Reminder Not Sent! Reason: SSL certificate problem: unable to get local issuer certificate
Birth Report Reminder Not Sent! Reason: SSL certificate problem: unable to get local issuer certificate
Birth Report Reminder Not Sent! Reason: SSL certificate problem: unable to get local issuer certificate
Birth Report Reminder Not Sent! Reason: SSL certificate problem: unable to get local issuer certificate
Birth Report Reminder Not Sent! Reason: SSL certificate problem: unable to get local issuer certificate
Birth Report Reminder Not Sent! Reason: SSL certificate problem: unable to get local issuer certificate
Birth Report Reminder Not Sent! Reason: SSL certificate problem: unable to get local issuer certificate
Birth Report Reminder Not Sent! Reason: SSL certificate problem: unable to get local issuer certificate
Birth Report Reminder Not Sent! Reason: SSL certificate problem: unable to get local issuer certificate
Birth Report Reminder Not Sent! Reason: SSL certificate problem: unable to get local issuer certificate
Birth Report Reminder Not Sent! Reason: SSL certificate problem: unable to get local issuer certificate
Birth Report Reminder Not Sent! Reason: SSL certificate problem: unable to get local issuer certificate
Birth Report Reminder Not Sent! Reason: SSL certificate problem: unable to get local issuer certificate
Birth Report Reminder Not Sent! Reason: SSL certificate problem: unable to get local issuer certificate
Birth Report Reminder Not Sent! Reason: SSL certificate problem: unable to get local issuer certificate
Birth Report Reminder Not Sent! Reason: SSL certificate problem: unable to get local issuer certificate
Birth Report Reminder Not Sent! Reason: SSL certificate problem: unable to get local issuer certificate
Birth Report Reminder Not Sent! Reason: Could not resolve host: api.twilio.com
Birth Report Reminder Not Sent! Reason: Could not resolve host: api.twilio.com
Birth Report Reminder Not Sent! Reason: Could not resolve host: api.twilio.com
Birth Report Reminder Not Sent! Reason: Could not resolve host: api.twilio.com
Birth Report Reminder Not Sent! Reason: SSL certificate problem: unable to get local issuer certificate
Birth Report Reminder Not Sent! Reason: SSL certificate problem: unable to get local issuer certificate
Birth Report Reminder Not Sent! Reason: SSL certificate problem: unable to get local issuer certificate
Birth Report Reminder Not Sent! Reason: SSL certificate problem: unable to get local issuer certificate
Birth Report Reminder Not Sent! Reason: SSL certificate problem: unable to get local issuer certificate
Birth Report Reminder Not Sent! Reason: SSL certificate problem: unable to get local issuer certificate
Birth Report Reminder Not Sent! Reason: SSL certificate problem: unable to get local issuer certificate
Birth Report Reminder Not Sent! Reason: SSL certificate problem: unable to get local issuer certificate
Birth Report Reminder Not Sent! Reason: SSL certificate problem: unable to get local issuer certificate
Birth Report Reminder Not Sent! Reason: SSL certificate problem: unable to get local issuer certificate
Birth Report Reminder Not Sent! Reason: SSL certificate problem: unable to get local issuer certificate
^CBirth Report Reminder Not Sent! Reason: SSL certificate problem: unable to get local issuer certificate
Birth Report Reminder Not Sent! Reason: SSL certificate problem: unable to get local issuer certificate
Birth Report Reminder Not Sent! Reason: SSL certificate problem: unable to get local issuer certificate
Birth Report Reminder Not Sent! Reason: SSL certificate problem: unable to get local issuer certificate
Birth Report Reminder Not Sent! Reason: SSL certificate problem: unable to get local issuer certificate
Birth Report Reminder Not Sent! Reason: SSL certificate problem: unable to get local issuer certificate
Birth Report Reminder Not Sent! Reason: SSL certificate problem: unable to get local issuer certificate
Birth Report Reminder Not Sent! Reason: SSL certificate problem: unable to get local issuer certificate
Birth Report Reminder Not Sent! Reason: SSL certificate problem: unable to get local issuer certificate
Birth Report Reminder Not Sent! Reason: SSL certificate problem: unable to get local issuer certificate
Birth Report Reminder Not Sent! Reason: SSL certificate problem: unable to get local issuer certificate
Birth Report Reminder Not Sent! Reason: SSL certificate problem: unable to get local issuer certificate
Birth Report Reminder Not Sent! Reason: SSL certificate problem: unable to get local issuer certificate
Birth Report Reminder Not Sent! Reason: SSL certificate problem: unable to get local issuer certificate
Birth Report Reminder Not Sent! Reason: SSL certificate problem: unable to get local issuer certificate
Birth Report Reminder Not Sent! Reason: SSL certificate problem: unable to get local issuer certificate
Birth Report Reminder Not Sent! Reason: SSL certificate problem: unable to get local issuer certificate
Birth Report Reminder Not Sent! Reason: SSL certificate problem: unable to get local issuer certificate
Birth Report Reminder Not Sent! Reason: SSL certificate problem: unable to get local issuer certificate
Birth Report Reminder Not Sent! Reason: SSL certificate problem: unable to get local issuer certificate
Birth Report Reminder Not Sent! Reason: SSL certificate problem: unable to get local issuer certificate
Birth Report Reminder Not Sent! Reason: SSL certificate problem: unable to get local issuer certificate
Birth Report Reminder Not Sent! Reason: SSL certificate problem: unable to get local issuer certificate
Birth Report Reminder Not Sent! Reason: SSL certificate problem: unable to get local issuer certificate
Birth Report Reminder Not Sent! Reason: SSL certificate problem: unable to get local issuer certificate
Birth Report Reminder Not Sent! Reason: SSL certificate problem: unable to get local issuer certificate
Birth Report Reminder Not Sent! Reason: SSL certificate problem: unable to get local issuer certificate
Birth Report Reminder Not Sent! Reason: SSL certificate problem: unable to get local issuer certificate
Birth Report Reminder Not Sent! Reason: SSL certificate problem: unable to get local issuer certificate
Birth Report Reminder Not Sent! Reason: SSL certificate problem: unable to get local issuer certificate
Birth Report Reminder Not Sent! Reason: SSL certificate problem: unable to get local issuer certificate
Birth Report Reminder Not Sent! Reason: SSL certificate problem: unable to get local issuer certificate
Birth Report Reminder Not Sent! Reason: SSL certificate problem: unable to get local issuer certificate
Birth Report Reminder Not Sent! Reason: SSL certificate problem: unable to get local issuer certificate
Birth Report Reminder Not Sent! Reason: SSL certificate problem: unable to get local issuer certificate
Birth Report Reminder Not Sent! Reason: SSL certificate problem: unable to get local issuer certificate
Birth Report Reminder Not Sent! Reason: SSL certificate problem: unable to get local issuer certificate
Birth Report Reminder Not Sent! Reason: SSL certificate problem: unable to get local issuer certificate
Birth Report Reminder Not Sent! Reason: SSL certificate problem: unable to get local issuer certificate
Birth Report Reminder Not Sent! Reason: SSL certificate problem: unable to get local issuer certificate
Birth Report Reminder Not Sent! Reason: SSL certificate problem: unable to get local issuer certificate
Birth Report Reminder Not Sent! Reason: SSL certificate problem: unable to get local issuer certificate
Birth Report Reminder Not Sent! Reason: SSL certificate problem: unable to get local issuer certificate
Birth Report Reminder Not Sent! Reason: SSL certificate problem: unable to get local issuer certificate
Birth Report Reminder Not Sent! Reason: SSL certificate problem: unable to get local issuer certificate
Birth Report Reminder Not Sent! Reason: SSL certificate problem: unable to get local issuer certificate
Birth Report Reminder Not Sent! Reason: SSL certificate problem: unable to get local issuer certificate
Birth Report Reminder Not Sent! Reason: SSL certificate problem: unable to get local issuer certificate
Birth Report Reminder Not Sent! Reason: SSL certificate problem: unable to get local issuer certificate
Birth Report Reminder Not Sent! Reason: SSL certificate problem: unable to get local issuer certificate
Birth Report Reminder Not Sent! Reason: SSL certificate problem: unable to get local issuer certificate
Birth Report Reminder Not Sent! Reason: SSL certificate problem: unable to get local issuer certificate
Birth Report Reminder Not Sent! Reason: SSL certificate problem: unable to get local issuer certificate
Birth Report Reminder Not Sent! Reason: SSL certificate problem: unable to get local issuer certificate
Birth Report Reminder Not Sent! Reason: SSL certificate problem: unable to get local issuer certificate
Birth Report Reminder Not Sent! Reason: SSL certificate problem: unable to get local issuer certificate
Birth Report Reminder Not Sent! Reason: SSL certificate problem: unable to get local issuer certificate
Birth Report Reminder Not Sent! Reason: SSL certificate problem: unable to get local issuer certificate
Birth Report Reminder Not Sent! Reason: SSL certificate problem: unable to get local issuer certificate
Birth Report Reminder Not Sent! Reason: SSL certificate problem: unable to get local issuer certificate
Birth Report Reminder Not Sent! Reason: SSL certificate problem: unable to get local issuer certificate
Birth Report Reminder Not Sent! Reason: SSL certificate problem: unable to get local issuer certificate
Birth Report Reminder Not Sent! Reason: SSL certificate problem: unable to get local issuer certificate
Birth Report Reminder Not Sent! Reason: SSL certificate problem: unable to get local issuer certificate
Birth Report Reminder Not Sent! Reason: SSL certificate problem: unable to get local issuer certificate
Birth Report Reminder Not Sent! Reason: SSL certificate problem: unable to get local issuer certificate
Birth Report Reminder Not Sent! Reason: SSL certificate problem: unable to get local issuer certificate
Birth Report Reminder Not Sent! Reason: SSL certificate problem: unable to get local issuer certificate
Birth Report Reminder Not Sent! Reason: Failed to connect to api.twilio.com port 443: Timed out
Birth Report Reminder Not Sent! Reason: Could not resolve host: api.twilio.com
Birth Report Reminder Not Sent! Reason: Could not resolve host: api.twilio.com
Birth Report Reminder Not Sent! Reason: Could not resolve host: api.twilio.com
Birth Report Reminder Not Sent! Reason: SSL certificate problem: unable to get local issuer certificate
Birth Report Reminder Not Sent! Reason: SSL certificate problem: unable to get local issuer certificate
Birth Report Reminder Not Sent! Reason: SSL certificate problem: unable to get local issuer certificate
Birth Report Reminder Not Sent! Reason: SSL certificate problem: unable to get local issuer certificate
