Updates notice sent!

Updates notice sent!

Update notice sent!

Update notice sent!
Update notice sent!
String expected for argument 1. NULL given instead.
String expected for argument 1. NULL given instead.
String expected for argument 1. NULL given instead.
String expected for argument 1. NULL given instead.
String expected for argument 1. NULL given instead.
String expected for argument 1. NULL given instead.
String expected for argument 1. NULL given instead.
String expected for argument 1. NULL given instead.
Update notice sent!
String expected for argument 1. NULL given instead.
Update notice sent!
Update notice sent!
Update notice sent!
Update notice sent!
String expected for argument 1. NULL given instead.
String expected for argument 1. NULL given instead.
String expected for argument 1. NULL given instead.
String expected for argument 1. NULL given instead.
String expected for argument 1. NULL given instead.
Update notice sent!
^CUpdate notice sent!
Update notice sent!
Update notice sent!
Update notice sent!
Update notice sent!
Update notice sent!
Update notice sent!
Update notice sent!
Update notice sent!
Update notice sent!
Update notice sent!
Update notice sent!
Update notice sent!
Update notice sent!
Update notice sent!
Update notice sent!
Update notice sent!
Update notice sent!
Update notice sent!
Update notice sent!
Update notice sent!
Update notice sent!
Update notice sent!
Update notice sent!
Update notice sent!
Update notice sent!
Update notice sent!
Update notice sent!
Update notice sent!
Update notice sent!
Update notice sent!
Update notice sent!
Update notice sent!
View [] not found.
Connection could not be established with host smtp.mailtrap.io :stream_socket_client(): php_network_getaddresses: getaddrinfo failed: No such host is known. 
Connection could not be established with host smtp.mailtrap.io :stream_socket_client(): php_network_getaddresses: getaddrinfo failed: No such host is known. 
Connection could not be established with host smtp.mailtrap.io :stream_socket_client(): php_network_getaddresses: getaddrinfo failed: No such host is known. 
Connection could not be established with host smtp.mailtrap.io :stream_socket_client(): php_network_getaddresses: getaddrinfo failed: No such host is known. 
Update notice sent!
^CUpdate notice sent!
^C